    Finished `test` profile [unoptimized + debuginfo] target(s) in 0.31s
     Running tests/validation_tests.rs (target/debug/deps/validation_tests-188646b203f9aba6)

running 40 tests
test prop_artifact_examples_valid ... ok
test prop_built_in_tools_example_valid ... ok
test prop_callback_examples_valid ... ok
test prop_event_examples_valid ... ok
test prop_doc_has_example ... ok
test prop_function_tool_example_valid ... FAILED
test prop_llm_agent_examples_valid ... ok
test prop_example_has_valid_structure ... FAILED
test prop_session_examples_valid ... ok
test test_artifact_example_compilation ... ok
test test_built_in_tools_example_compilation ... ok
test test_callback_example_compilation ... ok
test test_documentation_example_correspondence ... ok
test test_event_example_compilation ... ok
test test_function_tool_example_compilation ... FAILED
test test_llm_agent_example_compilation ... ok
test test_quickstart_example_compilation ... ok
test test_session_example_compilation ... ok
test test_workflow_agent_example_compilation ... ok
test unit_tests::test_artifact_examples_in_list ... ok
test unit_tests::test_built_in_tools_examples_in_list ... ok
test unit_tests::test_callback_examples_in_list ... ok
test unit_tests::test_doc_to_example_mapping_artifacts ... ok
test unit_tests::test_doc_to_example_mapping_built_in_tools ... ok
test unit_tests::test_doc_to_example_mapping_callbacks ... ok
test unit_tests::test_doc_to_example_mapping_events ... ok
test unit_tests::test_doc_to_example_mapping_function_tools ... ok
test unit_tests::test_doc_to_example_mapping_llm_agent ... ok
test unit_tests::test_doc_to_example_mapping_quickstart ... ok
test unit_tests::test_doc_to_example_mapping_sessions ... ok
test unit_tests::test_doc_to_example_mapping_state ... ok
test unit_tests::test_doc_to_example_mapping_workflow_agents ... ok
test unit_tests::test_event_examples_in_list ... ok
test unit_tests::test_example_files_exist ... ok
test prop_workflow_agent_examples_valid ... ok
test unit_tests::test_function_tool_example_in_list ... ok
test unit_tests::test_llm_agent_examples_in_list ... ok
test unit_tests::test_get_doc_pages_excludes_index ... ok
test unit_tests::test_session_examples_in_list ... ok
test unit_tests::test_workflow_agent_examples_in_list ... ok

failures:

---- prop_function_tool_example_valid stdout ----
proptest: FileFailurePersistence::SourceParallel set, but failed to find lib.rs or main.rs

thread 'prop_function_tool_example_valid' (97216) panicked at adk-rust-guide/tests/validation_tests.rs:687:1:
Test failed: Example tools/function_tool.rs should demonstrate parameter extraction at adk-rust-guide/tests/validation_tests.rs:730.
minimal failing input: index = 0
	successes: 0
	local rejects: 0
	global rejects: 0

note: run with `RUST_BACKTRACE=1` environment variable to display a backtrace

---- prop_example_has_valid_structure stdout ----
proptest: FileFailurePersistence::SourceParallel set, but failed to find lib.rs or main.rs
proptest: FileFailurePersistence::SourceParallel set, but failed to find lib.rs or main.rs
proptest: Saving this and future failures in /data/projects/adk-rust/adk-rust-guide/tests/validation_tests.proptest-regressions
proptest: If this test was run on a CI system, you may wish to add the following line to your copy of the file.
cc 3b8626fcc5bf68f7e2d0116fe56c0d5c2db14d9f8a251e143c6a629697812e50

thread 'prop_example_has_valid_structure' (97215) panicked at adk-rust-guide/tests/validation_tests.rs:269:1:
Test failed: Example artifacts/chat_txt.rs should have documentation comments at adk-rust-guide/tests/validation_tests.rs:301.
minimal failing input: index = 41
	successes: 30
	local rejects: 0
	global rejects: 0


---- test_function_tool_example_compilation stdout ----

thread 'test_function_tool_example_compilation' (97225) panicked at adk-rust-guide/tests/validation_tests.rs:654:5:
FunctionTool example must demonstrate parameter extraction from args


failures:
    prop_example_has_valid_structure
    prop_function_tool_example_valid
    test_function_tool_example_compilation

test result: FAILED. 37 passed; 3 failed; 0 ignored; 0 measured; 0 filtered out; finished in 0.15s

error: test failed, to rerun pass `-p adk-rust-guide --test validation_tests`
